<?xml version="1.0" encoding="UTF-8"?>
<testsuite xmlns:xsi="http://www.w3.org/2001/XMLSchema-instance" xsi:noNamespaceSchemaLocation="https://maven.apache.org/surefire/maven-surefire-plugin/xsd/surefire-test-report-3.0.xsd" version="3.0" name="org.example.CalculatorTest" time="6.644" tests="10" errors="0" skipped="0" failures="0">
  <properties>
[...]
</properties>
  <testcase name="testDivideByZero" classname="org.example.CalculatorTest" time="0.815">
    <system-err><![CDATA[нояб. 28, 2024 10:56:49 PM com.sun.javafx.application.PlatformImpl startup
WARNING: Unsupported JavaFX configuration: classes were loaded from 'unnamed module @4501b7af'
]]></system-err>
  </testcase>
  <testcase name="testAdd" classname="org.example.CalculatorTest" time="0.247"/>
  <testcase name="testSubtract" classname="org.example.CalculatorTest" time="0.244"/>
  <testcase name="testPower" classname="org.example.CalculatorTest" time="0.242"/>
  <testcase name="testSqrt" classname="org.example.CalculatorTest" time="0.241"/>
  <testcase name="testGUIAddition" classname="org.example.CalculatorTest" time="2.278"/>
  <testcase name="testSqrtOfNegative" classname="org.example.CalculatorTest" time="0.236"/>
  <testcase name="testDivide" classname="org.example.CalculatorTest" time="0.238"/>
  <testcase name="testMultiply" classname="org.example.CalculatorTest" time="0.235"/>
  <testcase name="testGUIMultiplication" classname="org.example.CalculatorTest" time="1.822"/>
</testsuite>